<?xml version="1.0" encoding="UTF-8"?>
<!-- Generated by org.testng.reporters.JUnitReportReporter -->
<testsuite hostname="N-87GN3Z1" failures="0" tests="1" name="TestMaven" time="7.311" errors="0" timestamp="2019-09-20T16:53:24 CEST" skipped="0">
  <testcase classname="TestMaven" name="sayHello" time="7.311"/>
</testsuite> <!-- TestMaven -->
